#
# There is insufficient memory for the Java Runtime Environment to continue.
# Native memory allocation (mmap) failed to map 73400320 bytes for committing reserved memory.
# Possible reasons:
#   The system is out of physical RAM or swap space
#   In 32 bit mode, the process size limit was hit
# Possible solutions:
#   Reduce memory load on the system
#   Increase physical memory or swap space
#   Check if swap backing store is full
#   Use 64 bit Java on a 64 bit OS
#   Decrease Java heap size (-Xmx/-Xms)
#   Decrease number of Java threads
#   Decrease Java thread stack sizes (-Xss)
#   Set larger code cache with -XX:ReservedCodeCacheSize=
# This output file may be truncated or incomplete.
#
#  Out of Memory Error (os_linux.cpp:2627), pid=14002, tid=0x00007f89bf9f9700
#
# JRE version: OpenJDK Runtime Environment (8.0_112-b06) (build 1.8.0_112-release-b06)
# Java VM: OpenJDK 64-Bit Server VM (25.112-b06 mixed mode linux-amd64 compressed oops)
# Failed to write core dump. Core dumps have been disabled. To enable core dumping, try "ulimit -c unlimited" before starting Java again
#

---------------  T H R E A D  ---------------

Current thread (0x00007f89e4077800):  VMThread [stack: 0x00007f89bf8f9000,0x00007f89bf9fa000] [id=14080]

Stack: [0x00007f89bf8f9000,0x00007f89bf9fa000],  sp=0x00007f89bf9f84c0,  free space=1021k
Native frames: (J=compiled Java code, j=interpreted, Vv=VM code, C=native code)
V  [libjvm.so+0x9e465d]  VMError::report_and_die()+0x15d
V  [libjvm.so+0x4b6ada]  report_vm_out_of_memory(char const*, int, unsigned long, VMErrorType, char const*)+0x8a
V  [libjvm.so+0x84c860]  os::pd_commit_memory(char*, unsigned long, unsigned long, bool)+0xf0
V  [libjvm.so+0x84737f]  os::commit_memory(char*, unsigned long, unsigned long, bool)+0x1f
V  [libjvm.so+0x8bd3db]  PSVirtualSpace::expand_by(unsigned long)+0x5b
V  [libjvm.so+0x8be050]  PSYoungGen::resize_generation(unsigned long, unsigned long)+0xb0
V  [libjvm.so+0x8be36b]  PSYoungGen::resize(unsigned long, unsigned long)+0x1b
V  [libjvm.so+0x8baa5c]  PSScavenge::invoke_no_policy()+0xdac
V  [libjvm.so+0x8bb238]  PSScavenge::invoke()+0x38
V  [libjvm.so+0x86fcf3]  ParallelScavengeHeap::failed_mem_allocate(unsigned long)+0x63
V  [libjvm.so+0x9e6124]  VM_ParallelGCFailedAllocation::doit()+0x84
V  [libjvm.so+0x9ea537]  VM_Operation::evaluate()+0x47
V  [libjvm.so+0x9e8ff8]  VMThread::evaluate_operation(VM_Operation*)+0x2c8
V  [libjvm.so+0x9e9479]  VMThread::loop()+0x219
V  [libjvm.so+0x9e98c2]  VMThread::run()+0x72
V  [libjvm.so+0x849c82]  java_start(Thread*)+0xf2

VM_Operation (0x00007f89beb13f10): ParallelGCFailedAllocation, mode: safepoint, requested by thread 0x00007f89e414c000


---------------  P R O C E S S  ---------------

Java Threads: ( => current thread )
  0x00007f89e414d800 JavaThread "pool-2-thread-4" [_thread_blocked, id=14160, stack(0x00007f89be914000,0x00007f89bea15000)]
  0x00007f89e414c000 JavaThread "pool-2-thread-3" [_thread_blocked, id=14159, stack(0x00007f89bea15000,0x00007f89beb16000)]
  0x00007f89e414b000 JavaThread "pool-2-thread-2" [_thread_blocked, id=14157, stack(0x00007f89beb16000,0x00007f89bec17000)]
  0x00007f89e4146000 JavaThread "pool-3-thread-1" [_thread_blocked, id=14151, stack(0x00007f89bec17000,0x00007f89bed18000)]
  0x00007f89e4144800 JavaThread "pool-2-thread-1" [_thread_blocked, id=14148, stack(0x00007f89bed18000,0x00007f89bee19000)]
  0x00007f89e40c7800 JavaThread "Service Thread" daemon [_thread_blocked, id=14114, stack(0x00007f89bef1a000,0x00007f89bf01b000)]
  0x00007f89e40bc800 JavaThread "C1 CompilerThread2" daemon [_thread_blocked, id=14109, stack(0x00007f89bf01b000,0x00007f89bf11c000)]
  0x00007f89e40ba800 JavaThread "C2 CompilerThread1" daemon [_thread_blocked, id=14108, stack(0x00007f89bf11c000,0x00007f89bf21d000)]
  0x00007f89e40b8000 JavaThread "C2 CompilerThread0" daemon [_thread_blocked, id=14107, stack(0x00007f89bf21d000,0x00007f89bf31e000)]
  0x00007f89e40b6800 JavaThread "Signal Dispatcher" daemon [_thread_blocked, id=14098, stack(0x00007f89bf31e000,0x00007f89bf41f000)]
  0x00007f89e4083800 JavaThread "Finalizer" daemon [_thread_blocked, id=14094, stack(0x00007f89bf6f7000,0x00007f89bf7f8000)]
  0x00007f89e407f000 JavaThread "Reference Handler" daemon [_thread_blocked, id=14086, stack(0x00007f89bf7f8000,0x00007f89bf8f9000)]
  0x00007f89e400a000 JavaThread "main" [_thread_blocked, id=14020, stack(0x00007f89e9eeb000,0x00007f89e9fec000)]

Other Threads:
=>0x00007f89e4077800 VMThread [stack: 0x00007f89bf8f9000,0x00007f89bf9fa000] [id=14080]
  0x00007f89e40ca000 WatcherThread [stack: 0x00007f89bee19000,0x00007f89bef1a000] [id=14118]

VM state:at safepoint (normal execution)

VM Mutex/Monitor currently owned by a thread:  ([mutex/lock_event])
[0x00007f89e40066c0] Threads_lock - owner thread: 0x00007f89e4077800
[0x00007f89e4006bc0] Heap_lock - owner thread: 0x00007f89e414c000

Heap:
 PSYoungGen      total 72704K, used 10208K [0x00000000eab00000, 0x00000000efd00000, 0x0000000100000000)
  eden space 62464K, 0% used [0x00000000eab00000,0x00000000eab00000,0x00000000ee800000)
  from space 10240K, 99% used [0x00000000ee800000,0x00000000ef1f8088,0x00000000ef200000)
  to   space 9216K, 0% used [0x00000000ef200000,0x00000000ef200000,0x00000000efb00000)
 ParOldGen       total 42496K, used 19305K [0x00000000c0000000, 0x00000000c2980000, 0x00000000eab00000)
  object space 42496K, 45% used [0x00000000c0000000,0x00000000c12da478,0x00000000c2980000)
 Metaspace       used 6244K, capacity 7280K, committed 7552K, reserved 1056768K
  class space    used 569K, capacity 616K, committed 640K, reserved 1048576K

Card table byte_map: [0x00007f89d399a000,0x00007f89d3b9b000] byte_map_base: 0x00007f89d339a000

Marking Bits: (ParMarkBitMap*) 0x00007f89e93bf340
 Begin Bits: [0x00007f89d1596000, 0x00007f89d2596000)
 End Bits:   [0x00007f89d2596000, 0x00007f89d3596000)

Polling page: 0x00007f89ea013000

CodeCache: size=245760Kb used=8291Kb max_used=8314Kb free=237468Kb
 bounds [0x00007f89d3f5b000, 0x00007f89d478b000, 0x00007f89e2f5b000]
 total_blobs=2217 nmethods=1950 adapters=181
 compilation: enabled

Compilation events (10 events):
Event: 94.046 Thread 0x00007f89e40bc800 2093   !   3       com.android.dx.cf.code.Ropper::doit (126 bytes)
Event: 94.050 Thread 0x00007f89e40b8000 nmethod 2091 0x00007f89d4769c90 code [0x00007f89d4769e00, 0x00007f89d476a058]
Event: 94.051 Thread 0x00007f89e40b8000 2092       4       com.android.dx.rop.code.ThrowingCstInsn::accept (8 bytes)
Event: 94.052 Thread 0x00007f89e40b8000 nmethod 2092 0x00007f89d46cc350 code [0x00007f89d46cc4a0, 0x00007f89d46cc518]
Event: 94.052 Thread 0x00007f89e40bc800 nmethod 2093 0x00007f89d4767910 code [0x00007f89d4767c00, 0x00007f89d4769038]
Event: 94.053 Thread 0x00007f89e40b8000 2094       4       com.android.dx.cf.direct.StdAttributeFactory::parse0 (568 bytes)
Event: 94.063 Thread 0x00007f89e40bc800 2097       3       com.android.dx.dex.file.CodeItem::<init> (81 bytes)
Event: 94.065 Thread 0x00007f89e40bc800 nmethod 2097 0x00007f89d476b3d0 code [0x00007f89d476b580, 0x00007f89d476ba78]
Event: 94.070 Thread 0x00007f89e40ba800 nmethod 2090 0x00007f89d47644d0 code [0x00007f89d47646a0, 0x00007f89d4764ff8]
Event: 94.070 Thread 0x00007f89e40ba800 2096 %     4       com.android.dx.dex.code.RopTranslator::pickOrder @ 33 (400 bytes)

GC Heap History (10 events):
Event: 82.928 GC heap after
Heap after GC invocations=2 (full 0):
 PSYoungGen      total 18432K, used 2535K [0x00000000eab00000, 0x00000000ebf80000, 0x0000000100000000)
  eden space 15872K, 0% used [0x00000000eab00000,0x00000000eab00000,0x00000000eba80000)
  from space 2560K, 99% used [0x00000000ebd00000,0x00000000ebf79ca8,0x00000000ebf80000)
  to   space 2560K, 0% used [0x00000000eba80000,0x00000000eba80000,0x00000000ebd00000)
 ParOldGen       total 42496K, used 1995K [0x00000000c0000000, 0x00000000c2980000, 0x00000000eab00000)
  object space 42496K, 4% used [0x00000000c0000000,0x00000000c01f2f58,0x00000000c2980000)
 Metaspace       used 5722K, capacity 6832K, committed 7040K, reserved 1056768K
  class space    used 563K, capacity 616K, committed 640K, reserved 1048576K
}
Event: 83.498 GC heap before
{Heap before GC invocations=3 (full 0):
 PSYoungGen      total 18432K, used 18407K [0x00000000eab00000, 0x00000000ebf80000, 0x0000000100000000)
  eden space 15872K, 100% used [0x00000000eab00000,0x00000000eba80000,0x00000000eba80000)
  from space 2560K, 99% used [0x00000000ebd00000,0x00000000ebf79ca8,0x00000000ebf80000)
  to   space 2560K, 0% used [0x00000000eba80000,0x00000000eba80000,0x00000000ebd00000)
 ParOldGen       total 42496K, used 1995K [0x00000000c0000000, 0x00000000c2980000, 0x00000000eab00000)
  object space 42496K, 4% used [0x00000000c0000000,0x00000000c01f2f58,0x00000000c2980000)
 Metaspace       used 5924K, capacity 7024K, committed 7296K, reserved 1056768K
  class space    used 568K, capacity 616K, committed 640K, reserved 1048576K
Event: 83.516 GC heap after
Heap after GC invocations=3 (full 0):
 PSYoungGen      total 18432K, used 2528K [0x00000000eab00000, 0x00000000ecf00000, 0x0000000100000000)
  eden space 15872K, 0% used [0x00000000eab00000,0x00000000eab00000,0x00000000eba80000)
  from space 2560K, 98% used [0x00000000eba80000,0x00000000ebcf8038,0x00000000ebd00000)
  to   space 2560K, 0% used [0x00000000ecc80000,0x00000000ecc80000,0x00000000ecf00000)
 ParOldGen       total 42496K, used 4343K [0x00000000c0000000, 0x00000000c2980000, 0x00000000eab00000)
  object space 42496K, 10% used [0x00000000c0000000,0x00000000c043dd88,0x00000000c2980000)
 Metaspace       used 5924K, capacity 7024K, committed 7296K, reserved 1056768K
  class space    used 568K, capacity 616K, committed 640K, reserved 1048576K
}
Event: 83.765 GC heap before
{Heap before GC invocations=4 (full 0):
 PSYoungGen      total 18432K, used 18400K [0x00000000eab00000, 0x00000000ecf00000, 0x0000000100000000)
  eden space 15872K, 100% used [0x00000000eab00000,0x00000000eba80000,0x00000000eba80000)
  from space 2560K, 98% used [0x00000000eba80000,0x00000000ebcf8038,0x00000000ebd00000)
  to   space 2560K, 0% used [0x00000000ecc80000,0x00000000ecc80000,0x00000000ecf00000)
 ParOldGen       total 42496K, used 4343K [0x00000000c0000000, 0x00000000c2980000, 0x00000000eab00000)
  object space 42496K, 10% used [0x00000000c0000000,0x00000000c043dd88,0x00000000c2980000)
 Metaspace       used 6018K, capacity 7088K, committed 7296K, reserved 1056768K
  class space    used 568K, capacity 616K, committed 640K, reserved 1048576K
Event: 83.774 GC heap after
Heap after GC invocations=4 (full 0):
 PSYoungGen      total 34304K, used 2528K [0x00000000eab00000, 0x00000000ecf00000, 0x0000000100000000)
  eden space 31744K, 0% used [0x00000000eab00000,0x00000000eab00000,0x00000000eca00000)
  from space 2560K, 98% used [0x00000000ecc80000,0x00000000ecef8038,0x00000000ecf00000)
  to   space 2560K, 0% used [0x00000000eca00000,0x00000000eca00000,0x00000000ecc80000)
 ParOldGen       total 42496K, used 7319K [0x00000000c0000000, 0x00000000c2980000, 0x00000000eab00000)
  object space 42496K, 17% used [0x00000000c0000000,0x00000000c0725d98,0x00000000c2980000)
 Metaspace       used 6018K, capacity 7088K, committed 7296K, reserved 1056768K
  class space    used 568K, capacity 616K, committed 640K, reserved 1048576K
}
Event: 84.344 GC heap before
{Heap before GC invocations=5 (full 0):
 PSYoungGen      total 34304K, used 34272K [0x00000000eab00000, 0x00000000ecf00000, 0x0000000100000000)
  eden space 31744K, 100% used [0x00000000eab00000,0x00000000eca00000,0x00000000eca00000)
  from space 2560K, 98% used [0x00000000ecc80000,0x00000000ecef8038,0x00000000ecf00000)
  to   space 2560K, 0% used [0x00000000eca00000,0x00000000eca00000,0x00000000ecc80000)
 ParOldGen       total 42496K, used 7319K [0x00000000c0000000, 0x00000000c2980000, 0x00000000eab00000)
  object space 42496K, 17% used [0x00000000c0000000,0x00000000c0725d98,0x00000000c2980000)
 Metaspace       used 6087K, capacity 7152K, committed 7296K, reserved 1056768K
  class space    used 568K, capacity 616K, committed 640K, reserved 1048576K
Event: 84.356 GC heap after
Heap after GC invocations=5 (full 0):
 PSYoungGen      total 34304K, used 2544K [0x00000000eab00000, 0x00000000efb00000, 0x0000000100000000)
  eden space 31744K, 0% used [0x00000000eab00000,0x00000000eab00000,0x00000000eca00000)
  from space 2560K, 99% used [0x00000000eca00000,0x00000000ecc7c048,0x00000000ecc80000)
  to   space 9216K, 0% used [0x00000000ef200000,0x00000000ef200000,0x00000000efb00000)
 ParOldGen       total 42496K, used 12323K [0x00000000c0000000, 0x00000000c2980000, 0x00000000eab00000)
  object space 42496K, 29% used [0x00000000c0000000,0x00000000c0c08f88,0x00000000c2980000)
 Metaspace       used 6087K, capacity 7152K, committed 7296K, reserved 1056768K
  class space    used 568K, capacity 616K, committed 640K, reserved 1048576K
}
Event: 86.989 GC heap before
{Heap before GC invocations=6 (full 0):
 PSYoungGen      total 34304K, used 34288K [0x00000000eab00000, 0x00000000efb00000, 0x0000000100000000)
  eden space 31744K, 100% used [0x00000000eab00000,0x00000000eca00000,0x00000000eca00000)
  from space 2560K, 99% used [0x00000000eca00000,0x00000000ecc7c048,0x00000000ecc80000)
  to   space 9216K, 0% used [0x00000000ef200000,0x00000000ef200000,0x00000000efb00000)
 ParOldGen       total 42496K, used 12323K [0x00000000c0000000, 0x00000000c2980000, 0x00000000eab00000)
  object space 42496K, 29% used [0x00000000c0000000,0x00000000c0c08f88,0x00000000c2980000)
 Metaspace       used 6179K, capacity 7216K, committed 7296K, reserved 1056768K
  class space    used 569K, capacity 616K, committed 640K, reserved 1048576K
Event: 87.004 GC heap after
Heap after GC invocations=6 (full 0):
 PSYoungGen      total 71680K, used 7904K [0x00000000eab00000, 0x00000000efd00000, 0x0000000100000000)
  eden space 62464K, 0% used [0x00000000eab00000,0x00000000eab00000,0x00000000ee800000)
  from space 9216K, 85% used [0x00000000ef200000,0x00000000ef9b8048,0x00000000efb00000)
  to   space 10240K, 0% used [0x00000000ee800000,0x00000000ee800000,0x00000000ef200000)
 ParOldGen       total 42496K, used 12331K [0x00000000c0000000, 0x00000000c2980000, 0x00000000eab00000)
  object space 42496K, 29% used [0x00000000c0000000,0x00000000c0c0af88,0x00000000c2980000)
 Metaspace       used 6179K, capacity 7216K, committed 7296K, reserved 1056768K
  class space    used 569K, capacity 616K, committed 640K, reserved 1048576K
}
Event: 94.297 GC heap before
{Heap before GC invocations=7 (full 0):
 PSYoungGen      total 71680K, used 70368K [0x00000000eab00000, 0x00000000efd00000, 0x0000000100000000)
  eden space 62464K, 100% used [0x00000000eab00000,0x00000000ee800000,0x00000000ee800000)
  from space 9216K, 85% used [0x00000000ef200000,0x00000000ef9b8048,0x00000000efb00000)
  to   space 10240K, 0% used [0x00000000ee800000,0x00000000ee800000,0x00000000ef200000)
 ParOldGen       total 42496K, used 12331K [0x00000000c0000000, 0x00000000c2980000, 0x00000000eab00000)
  object space 42496K, 29% used [0x00000000c0000000,0x00000000c0c0af88,0x00000000c2980000)
 Metaspace       used 6244K, capacity 7280K, committed 7552K, reserved 1056768K
  class space    used 569K, capacity 616K, committed 640K, reserved 1048576K

Deoptimization events (10 events):
Event: 87.048 Thread 0x00007f89e414d800 Uncommon trap: reason=bimorphic action=maybe_recompile pc=0x00007f89d45cea60 method=com.android.dx.cf.code.RopperMachine.run(Lcom/android/dx/cf/code/Frame;II)V @ 310
Event: 87.049 Thread 0x00007f89e414d800 Uncommon trap: reason=bimorphic action=maybe_recompile pc=0x00007f89d45cea60 method=com.android.dx.cf.code.RopperMachine.run(Lcom/android/dx/cf/code/Frame;II)V @ 310
Event: 87.061 Thread 0x00007f89e4144800 Uncommon trap: reason=unstable_if action=reinterpret pc=0x00007f89d42cf174 method=com.android.dx.rop.code.RegisterSpec.equals(ILcom/android/dx/rop/type/TypeBearer;Lcom/android/dx/rop/code/LocalItem;)Z @ 42
Event: 87.069 Thread 0x00007f89e414c000 Uncommon trap: reason=unstable_if action=reinterpret pc=0x00007f89d4456ff0 method=com.android.dx.ssa.SCCP.simulateStmt(Lcom/android/dx/ssa/SsaInsn;)V @ 53
Event: 87.083 Thread 0x00007f89e414d800 Uncommon trap: reason=bimorphic action=maybe_recompile pc=0x00007f89d42f1dc8 method=java.util.HashMap.getNode(ILjava/lang/Object;)Ljava/util/HashMap$Node; @ 126
Event: 87.105 Thread 0x00007f89e414b000 Uncommon trap: reason=unstable_if action=reinterpret pc=0x00007f89d45bb300 method=com.android.dx.ssa.MoveParamCombiner$1.visitNonMoveInsn(Lcom/android/dx/ssa/NormalSsaInsn;)V @ 27
Event: 87.155 Thread 0x00007f89e414b000 Uncommon trap: reason=bimorphic action=maybe_recompile pc=0x00007f89d42f1dc8 method=java.util.HashMap.getNode(ILjava/lang/Object;)Ljava/util/HashMap$Node; @ 126
Event: 87.162 Thread 0x00007f89e414b000 Uncommon trap: reason=bimorphic action=maybe_recompile pc=0x00007f89d42f1dc8 method=java.util.HashMap.getNode(ILjava/lang/Object;)Ljava/util/HashMap$Node; @ 126
Event: 91.258 Thread 0x00007f89e414b000 Uncommon trap: reason=bimorphic action=maybe_recompile pc=0x00007f89d46d41cc method=com.android.dx.ssa.SCCP.setLatticeValueTo(IILcom/android/dx/rop/cst/Constant;)Z @ 43
Event: 92.713 Thread 0x00007f89e414b000 Uncommon trap: reason=bimorphic action=maybe_recompile pc=0x00007f89d46d41cc method=com.android.dx.ssa.SCCP.setLatticeValueTo(IILcom/android/dx/rop/cst/Constant;)Z @ 43

Internal exceptions (3 events):
Event: 65.340 Thread 0x00007f89e400a000 Exception <a 'java/lang/NoSuchMethodError': Method sun.misc.Unsafe.defineClass(Ljava/lang/String;[BII)Ljava/lang/Class; name or signature does not match> (0x00000000eab07c78) thrown at [/ssd/Android/AOSP-openjdk/external/jetbrains/jdk/hotspot/src/share/vm
Event: 65.341 Thread 0x00007f89e400a000 Exception <a 'java/lang/NoSuchMethodError': Method sun.misc.Unsafe.prefetchRead(Ljava/lang/Object;J)V name or signature does not match> (0x00000000eab07f60) thrown at [/ssd/Android/AOSP-openjdk/external/jetbrains/jdk/hotspot/src/share/vm/prims/jni.cpp, li
Event: 84.380 Thread 0x00007f89e414d800 Implicit null exception at 0x00007f89d42ee0a2 to 0x00007f89d42ee193

Events (10 events):
Event: 91.292 Thread 0x00007f89e414b000 DEOPT PACKING pc=0x00007f89d46d41cc sp=0x00007f89bec150d0
Event: 91.862 Thread 0x00007f89e414b000 DEOPT UNPACKING pc=0x00007f89d3f5ff69 sp=0x00007f89bec14fa8 mode 2
Event: 92.713 Thread 0x00007f89e414b000 Uncommon trap: trap_request=0xffffffc6 fr.pc=0x00007f89d46d41cc
Event: 92.714 Thread 0x00007f89e414b000 DEOPT PACKING pc=0x00007f89d46d41cc sp=0x00007f89bec15020
Event: 92.714 Thread 0x00007f89e414b000 DEOPT UNPACKING pc=0x00007f89d3f5ff69 sp=0x00007f89bec14ef8 mode 2
Event: 93.087 Thread 0x00007f89e414d800 DEOPT PACKING pc=0x00007f89d44c3926 sp=0x00007f89bea135e0
Event: 93.087 Thread 0x00007f89e414d800 DEOPT UNPACKING pc=0x00007f89d3fa2373 sp=0x00007f89bea13418 mode 0
Event: 93.731 loading class com/android/dx/cf/iface/ParseObserver
Event: 93.750 loading class com/android/dx/cf/iface/ParseObserver done
Event: 94.083 Executing VM operation: ParallelGCFailedAllocation


Dynamic libraries:
00400000-00401000 r-xp 00000000 08:05 1314832                            /home/vipul/Desktop/android-studio/jre/bin/java
00600000-00601000 r--p 00000000 08:05 1314832                            /home/vipul/Desktop/android-studio/jre/bin/java
00601000-00602000 rw-p 00001000 08:05 1314832                            /home/vipul/Desktop/android-studio/jre/bin/java
023d2000-023f3000 rw-p 00000000 00:00 0                                  [heap]
c0000000-c2980000 rw-p 00000000 00:00 0 
c2980000-eab00000 ---p 00000000 00:00 0 
eab00000-efd00000 rw-p 00000000 00:00 0 
f4300000-100000000 ---p 00000000 00:00 0 
100000000-1000a0000 rw-p 00000000 00:00 0 
1000a0000-140000000 ---p 00000000 00:00 0 
7f8980000000-7f8980021000 rw-p 00000000 00:00 0 
7f8980021000-7f8984000000 ---p 00000000 00:00 0 
7f8988000000-7f898802d000 rw-p 00000000 00:00 0 
7f898802d000-7f898c000000 ---p 00000000 00:00 0 
7f898c000000-7f898c021000 rw-p 00000000 00:00 0 
7f898c021000-7f8990000000 ---p 00000000 00:00 0 
7f8990000000-7f8990021000 rw-p 00000000 00:00 0 
7f8990021000-7f8994000000 ---p 00000000 00:00 0 
7f8994000000-7f8994021000 rw-p 00000000 00:00 0 
7f8994021000-7f8998000000 ---p 00000000 00:00 0 
7f8998000000-7f8998021000 rw-p 00000000 00:00 0 
7f8998021000-7f899c000000 ---p 00000000 00:00 0 
7f899c000000-7f899c021000 rw-p 00000000 00:00 0 
7f899c021000-7f89a0000000 ---p 00000000 00:00 0 
7f89a0000000-7f89a0e20000 rw-p 00000000 00:00 0 
7f89a0e20000-7f89a4000000 ---p 00000000 00:00 0 
7f89a4000000-7f89a4719000 rw-p 00000000 00:00 0 
7f89a4719000-7f89a8000000 ---p 00000000 00:00 0 
7f89a8000000-7f89a8021000 rw-p 00000000 00:00 0 
7f89a8021000-7f89ac000000 ---p 00000000 00:00 0 
7f89ac000000-7f89acc12000 rw-p 00000000 00:00 0 
7f89acc12000-7f89b0000000 ---p 00000000 00:00 0 
7f89b0000000-7f89b0021000 rw-p 00000000 00:00 0 
7f89b0021000-7f89b4000000 ---p 00000000 00:00 0 
7f89b4000000-7f89b4021000 rw-p 00000000 00:00 0 
7f89b4021000-7f89b8000000 ---p 00000000 00:00 0 
7f89b8000000-7f89b827e000 rw-p 00000000 00:00 0 
7f89b827e000-7f89bc000000 ---p 00000000 00:00 0 
7f89be914000-7f89be917000 ---p 00000000 00:00 0 
7f89be917000-7f89bea15000 rw-p 00000000 00:00 0 
7f89bea15000-7f89bea18000 ---p 00000000 00:00 0 
7f89bea18000-7f89beb16000 rw-p 00000000 00:00 0 
7f89beb16000-7f89beb19000 ---p 00000000 00:00 0 
7f89beb19000-7f89bec17000 rw-p 00000000 00:00 0 
7f89bec17000-7f89bec1a000 ---p 00000000 00:00 0 
7f89bec1a000-7f89bed18000 rw-p 00000000 00:00 0 
7f89bed18000-7f89bed1b000 ---p 00000000 00:00 0 
7f89bed1b000-7f89bee19000 rw-p 00000000 00:00 0 
7f89bee19000-7f89bee1a000 ---p 00000000 00:00 0 
7f89bee1a000-7f89bef1a000 rw-p 00000000 00:00 0 
7f89bef1a000-7f89bef1d000 ---p 00000000 00:00 0 
7f89bef1d000-7f89bf01b000 rw-p 00000000 00:00 0 
7f89bf01b000-7f89bf01e000 ---p 00000000 00:00 0 
7f89bf01e000-7f89bf11c000 rw-p 00000000 00:00 0 
7f89bf11c000-7f89bf11f000 ---p 00000000 00:00 0 
7f89bf11f000-7f89bf21d000 rw-p 00000000 00:00 0 
7f89bf21d000-7f89bf220000 ---p 00000000 00:00 0 
7f89bf220000-7f89bf31e000 rw-p 00000000 00:00 0 
7f89bf31e000-7f89bf321000 ---p 00000000 00:00 0 
7f89bf321000-7f89bf41f000 rw-p 00000000 00:00 0 
7f89bf41f000-7f89bf6f7000 r--p 00000000 08:05 2227447                    /usr/lib/locale/locale-archive
7f89bf6f7000-7f89bf6fa000 ---p 00000000 00:00 0 
7f89bf6fa000-7f89bf7f8000 rw-p 00000000 00:00 0 
7f89bf7f8000-7f89bf7fb000 ---p 00000000 00:00 0 
7f89bf7fb000-7f89bf8f9000 rw-p 00000000 00:00 0 
7f89bf8f9000-7f89bf8fa000 ---p 00000000 00:00 0 
7f89bf8fa000-7f89c0000000 rw-p 00000000 00:00 0 
7f89c0000000-7f89c0021000 rw-p 00000000 00:00 0 
7f89c0021000-7f89c4000000 ---p 00000000 00:00 0 
7f89c4000000-7f89c4021000 rw-p 00000000 00:00 0 
7f89c4021000-7f89c8000000 ---p 00000000 00:00 0 
7f89c8000000-7f89c8021000 rw-p 00000000 00:00 0 
7f89c8021000-7f89cc000000 ---p 00000000 00:00 0 
7f89cc000000-7f89cc021000 rw-p 00000000 00:00 0 
7f89cc021000-7f89d0000000 ---p 00000000 00:00 0 
7f89d0004000-7f89d0019000 r--s 000a7000 08:05 5247904                    /home/vipul/.android/build-cache/0d0c3fe517bf4de9188f0489541f7974f9b4e8cd/output/jars/classes.jar
7f89d0019000-7f89d09c7000 rw-p 00000000 00:00 0 
7f89d09c7000-7f89d0b96000 r--s 03c1b000 08:05 1314889                    /home/vipul/Desktop/android-studio/jre/jre/lib/rt.jar
7f89d0b96000-7f89d1256000 rw-p 00000000 00:00 0 
7f89d1256000-7f89d1396000 ---p 00000000 00:00 0 
7f89d1396000-7f89d3596000 rw-p 00000000 00:00 0 
7f89d3596000-7f89d3597000 ---p 00000000 00:00 0 
7f89d3597000-7f89d3697000 rw-p 00000000 00:00 0 
7f89d3697000-7f89d3698000 ---p 00000000 00:00 0 
7f89d3698000-7f89d3798000 rw-p 00000000 00:00 0 
7f89d3798000-7f89d3799000 ---p 00000000 00:00 0 
7f89d3799000-7f89d3899000 rw-p 00000000 00:00 0 
7f89d3899000-7f89d389a000 ---p 00000000 00:00 0 
7f89d389a000-7f89d39af000 rw-p 00000000 00:00 0 
7f89d39af000-7f89d3aef000 ---p 00000000 00:00 0 
7f89d3aef000-7f89d3b19000 rw-p 00000000 00:00 0 
7f89d3b19000-7f89d3b9a000 ---p 00000000 00:00 0 
7f89d3b9a000-7f89d3bbc000 rw-p 00000000 00:00 0 
7f89d3bbc000-7f89d3f5b000 ---p 00000000 00:00 0 
7f89d3f5b000-7f89d478b000 rwxp 00000000 00:00 0 
7f89d478b000-7f89e2f5b000 ---p 00000000 00:00 0 
7f89e2f5b000-7f89e2f75000 r-xp 00000000 08:05 1314916                    /home/vipul/Desktop/android-studio/jre/jre/lib/amd64/libzip.so
7f89e2f75000-7f89e3175000 ---p 0001a000 08:05 1314916                    /home/vipul/Desktop/android-studio/jre/jre/lib/amd64/libzip.so
7f89e3175000-7f89e3176000 r--p 0001a000 08:05 1314916                    /home/vipul/Desktop/android-studio/jre/jre/lib/amd64/libzip.so
7f89e3176000-7f89e3177000 rw-p 0001b000 08:05 1314916                    /home/vipul/Desktop/android-studio/jre/jre/lib/amd64/libzip.so
7f89e3177000-7f89e3182000 r-xp 00000000 08:05 790351                     /lib/x86_64-linux-gnu/libnss_files-2.23.so
7f89e3182000-7f89e3381000 ---p 0000b000 08:05 790351                     /lib/x86_64-linux-gnu/libnss_files-2.23.so
7f89e3381000-7f89e3382000 r--p 0000a000 08:05 790351                     /lib/x86_64-linux-gnu/libnss_files-2.23.so
7f89e3382000-7f89e3383000 rw-p 0000b000 08:05 790351                     /lib/x86_64-linux-gnu/libnss_files-2.23.so
7f89e3383000-7f89e3389000 rw-p 00000000 00:00 0 
7f89e3389000-7f89e3394000 r-xp 00000000 08:05 790363                     /lib/x86_64-linux-gnu/libnss_nis-2.23.so
7f89e3394000-7f89e3593000 ---p 0000b000 08:05 790363                     /lib/x86_64-linux-gnu/libnss_nis-2.23.so
7f89e3593000-7f89e3594000 r--p 0000a000 08:05 790363                     /lib/x86_64-linux-gnu/libnss_nis-2.23.so
7f89e3594000-7f89e3595000 rw-p 0000b000 08:05 790363                     /lib/x86_64-linux-gnu/libnss_nis-2.23.so
7f89e3595000-7f89e35ab000 r-xp 00000000 08:05 790227                     /lib/x86_64-linux-gnu/libnsl-2.23.so
7f89e35ab000-7f89e37aa000 ---p 00016000 08:05 790227                     /lib/x86_64-linux-gnu/libnsl-2.23.so
7f89e37aa000-7f89e37ab000 r--p 00015000 08:05 790227                     /lib/x86_64-linux-gnu/libnsl-2.23.so
7f89e37ab000-7f89e37ac000 rw-p 00016000 08:05 790227                     /lib/x86_64-linux-gnu/libnsl-2.23.so
7f89e37ac000-7f89e37ae000 rw-p 00000000 00:00 0 
7f89e37ae000-7f89e37b6000 r-xp 00000000 08:05 790325                     /lib/x86_64-linux-gnu/libnss_compat-2.23.so
7f89e37b6000-7f89e39b5000 ---p 00008000 08:05 790325                     /lib/x86_64-linux-gnu/libnss_compat-2.23.so
7f89e39b5000-7f89e39b6000 r--p 00007000 08:05 790325                     /lib/x86_64-linux-gnu/libnss_compat-2.23.so
7f89e39b6000-7f89e39b7000 rw-p 00008000 08:05 790325                     /lib/x86_64-linux-gnu/libnss_compat-2.23.so
7f89e39b7000-7f89e39e4000 r-xp 00000000 08:05 1314926                    /home/vipul/Desktop/android-studio/jre/jre/lib/amd64/libjava.so
7f89e39e4000-7f89e3be3000 ---p 0002d000 08:05 1314926                    /home/vipul/Desktop/android-studio/jre/jre/lib/amd64/libjava.so
7f89e3be3000-7f89e3be4000 r--p 0002c000 08:05 1314926                    /home/vipul/Desktop/android-studio/jre/jre/lib/amd64/libjava.so
7f89e3be4000-7f89e3be6000 rw-p 0002d000 08:05 1314926                    /home/vipul/Desktop/android-studio/jre/jre/lib/amd64/libjava.so
7f89e3be6000-7f89e3bf6000 r-xp 00000000 08:05 1314942                    /home/vipul/Desktop/android-studio/jre/jre/lib/amd64/libverify.so
7f89e3bf6000-7f89e3df5000 ---p 00010000 08:05 1314942                    /home/vipul/Desktop/android-studio/jre/jre/lib/amd64/libverify.so
7f89e3df5000-7f89e3df7000 r--p 0000f000 08:05 1314942                    /home/vipul/Desktop/android-studio/jre/jre/lib/amd64/libverify.so
7f89e3df7000-7f89e3df8000 rw-p 00011000 08:05 1314942                    /home/vipul/Desktop/android-studio/jre/jre/lib/amd64/libverify.so
7f89e3df8000-7f89e3dff000 r-xp 00000000 08:05 790364                     /lib/x86_64-linux-gnu/librt-2.23.so
7f89e3dff000-7f89e3ffe000 ---p 00007000 08:05 790364                     /lib/x86_64-linux-gnu/librt-2.23.so
7f89e3ffe000-7f89e3fff000 r--p 00006000 08:05 790364                     /lib/x86_64-linux-gnu/librt-2.23.so
7f89e3fff000-7f89e4000000 rw-p 00007000 08:05 790364                     /lib/x86_64-linux-gnu/librt-2.23.so
7f89e4000000-7f89e4389000 rw-p 00000000 00:00 0 
7f89e4389000-7f89e8000000 ---p 00000000 00:00 0 
7f89e800d000-7f89e801c000 r--s 000ed000 08:05 3532950                    /home/vipul/Android/Sdk/build-tools/27.0.3/lib/dx.jar
7f89e801c000-7f89e80a7000 rw-p 00000000 00:00 0 
7f89e80a7000-7f89e81e8000 ---p 00000000 00:00 0 
7f89e81e8000-7f89e82f0000 r-xp 00000000 08:05 790226                     /lib/x86_64-linux-gnu/libm-2.23.so
7f89e82f0000-7f89e84ef000 ---p 00108000 08:05 790226                     /lib/x86_64-linux-gnu/libm-2.23.so
7f89e84ef000-7f89e84f0000 r--p 00107000 08:05 790226                     /lib/x86_64-linux-gnu/libm-2.23.so
7f89e84f0000-7f89e84f1000 rw-p 00108000 08:05 790226                     /lib/x86_64-linux-gnu/libm-2.23.so
7f89e84f1000-7f89e90e2000 r-xp 00000000 08:05 1314946                    /home/vipul/Desktop/android-studio/jre/jre/lib/amd64/server/libjvm.so
7f89e90e2000-7f89e92e2000 ---p 00bf1000 08:05 1314946                    /home/vipul/Desktop/android-studio/jre/jre/lib/amd64/server/libjvm.so
7f89e92e2000-7f89e9381000 r--p 00bf1000 08:05 1314946                    /home/vipul/Desktop/android-studio/jre/jre/lib/amd64/server/libjvm.so
7f89e9381000-7f89e93aa000 rw-p 00c90000 08:05 1314946                    /home/vipul/Desktop/android-studio/jre/jre/lib/amd64/server/libjvm.so
7f89e93aa000-7f89e93ee000 rw-p 00000000 00:00 0 
7f89e93ee000-7f89e9406000 r-xp 00000000 08:05 790229                     /lib/x86_64-linux-gnu/libpthread-2.23.so
7f89e9406000-7f89e9605000 ---p 00018000 08:05 790229                     /lib/x86_64-linux-gnu/libpthread-2.23.so
7f89e9605000-7f89e9606000 r--p 00017000 08:05 790229                     /lib/x86_64-linux-gnu/libpthread-2.23.so
7f89e9606000-7f89e9607000 rw-p 00018000 08:05 790229                     /lib/x86_64-linux-gnu/libpthread-2.23.so
7f89e9607000-7f89e960b000 rw-p 00000000 00:00 0 
7f89e960b000-7f89e960e000 r-xp 00000000 08:05 790254                     /lib/x86_64-linux-gnu/libdl-2.23.so
7f89e960e000-7f89e980d000 ---p 00003000 08:05 790254                     /lib/x86_64-linux-gnu/libdl-2.23.so
7f89e980d000-7f89e980e000 r--p 00002000 08:05 790254                     /lib/x86_64-linux-gnu/libdl-2.23.so
7f89e980e000-7f89e980f000 rw-p 00003000 08:05 790254                     /lib/x86_64-linux-gnu/libdl-2.23.so
7f89e980f000-7f89e99cf000 r-xp 00000000 08:05 790232                     /lib/x86_64-linux-gnu/libc-2.23.so
7f89e99cf000-7f89e9bcf000 ---p 001c0000 08:05 790232                     /lib/x86_64-linux-gnu/libc-2.23.so
7f89e9bcf000-7f89e9bd3000 r--p 001c0000 08:05 790232                     /lib/x86_64-linux-gnu/libc-2.23.so
7f89e9bd3000-7f89e9bd5000 rw-p 001c4000 08:05 790232                     /lib/x86_64-linux-gnu/libc-2.23.so
7f89e9bd5000-7f89e9bd9000 rw-p 00000000 00:00 0 
7f89e9bd9000-7f89e9bef000 r-xp 00000000 08:05 1314806                    /home/vipul/Desktop/android-studio/jre/lib/amd64/jli/libjli.so
7f89e9bef000-7f89e9dee000 ---p 00016000 08:05 1314806                    /home/vipul/Desktop/android-studio/jre/lib/amd64/jli/libjli.so
7f89e9dee000-7f89e9def000 r--p 00015000 08:05 1314806                    /home/vipul/Desktop/android-studio/jre/lib/amd64/jli/libjli.so
7f89e9def000-7f89e9df0000 rw-p 00016000 08:05 1314806                    /home/vipul/Desktop/android-studio/jre/lib/amd64/jli/libjli.so
7f89e9df0000-7f89e9e16000 r-xp 00000000 08:05 790228                     /lib/x86_64-linux-gnu/ld-2.23.so
7f89e9e1a000-7f89e9eeb000 rw-p 00000000 00:00 0 
7f89e9eeb000-7f89e9eee000 ---p 00000000 00:00 0 
7f89e9eee000-7f89e9ff0000 rw-p 00000000 00:00 0 
7f89e9ff6000-7f89ea00a000 rw-p 00000000 00:00 0 
7f89ea00a000-7f89ea012000 rw-s 00000000 08:05 4854264                    /tmp/hsperfdata_vipul/14002
7f89ea012000-7f89ea013000 rw-p 00000000 00:00 0 
7f89ea013000-7f89ea014000 ---p 00000000 00:00 0 
7f89ea014000-7f89ea015000 rw-p 00000000 00:00 0 
7f89ea015000-7f89ea016000 r--p 00025000 08:05 790228                     /lib/x86_64-linux-gnu/ld-2.23.so
7f89ea016000-7f89ea017000 rw-p 00026000 08:05 790228                     /lib/x86_64-linux-gnu/ld-2.23.so
7f89ea017000-7f89ea018000 rw-p 00000000 00:00 0 
7ffc49469000-7ffc4948a000 rw-p 00000000 00:00 0                          [stack]
7ffc4949a000-7ffc4949d000 r--p 00000000 00:00 0                          [vvar]
7ffc4949d000-7ffc4949f000 r-xp 00000000 00:00 0                          [vdso]
ffffffffff600000-ffffffffff601000 r-xp 00000000 00:00 0                  [vsyscall]

VM Arguments:
jvm_args: -Djava.awt.headless=true -Xmx1024M -Dfile.encoding=UTF-8 -Duser.country=IN -Duser.language=en -Duser.variant 
java_command: com.android.dx.command.Main --dex --force-jumbo --num-threads=4 --multi-dex --output /home/vipul/AndroidStudioProjects/Shoppping_Android_Java-master/app/build/intermediates/transforms/dex/debug/folders/1000/10/classes_868577e7b5c36144827a308f24ac575613a53ba9 /home/vipul/.android/build-cache/0d0c3fe517bf4de9188f0489541f7974f9b4e8cd/output/jars/classes.jar
java_class_path (initial): /home/vipul/Android/Sdk/build-tools/27.0.3/lib/dx.jar
Launcher Type: SUN_STANDARD

Environment Variables:
PATH=/home/vipul/bin:/home/vipul/.local/bin:/usr/local/sbin:/usr/local/bin:/usr/sbin:/usr/bin:/sbin:/bin:/usr/games:/usr/local/games
USERNAME=vipul
LD_LIBRARY_PATH=.:
SHELL=/bin/bash
DISPLAY=:0

Signal Handlers:
SIGSEGV: [libjvm.so+0x9e5150], sa_mask[0]=11111111011111111101111111111110, sa_flags=SA_RESTART|SA_SIGINFO
SIGBUS: [libjvm.so+0x9e5150], sa_mask[0]=11111111011111111101111111111110, sa_flags=SA_RESTART|SA_SIGINFO
SIGFPE: [libjvm.so+0x848450], sa_mask[0]=11111111011111111101111111111110, sa_flags=SA_RESTART|SA_SIGINFO
SIGPIPE: [libjvm.so+0x848450], sa_mask[0]=11111111011111111101111111111110, sa_flags=SA_RESTART|SA_SIGINFO
SIGXFSZ: [libjvm.so+0x848450], sa_mask[0]=11111111011111111101111111111110, sa_flags=SA_RESTART|SA_SIGINFO
SIGILL: [libjvm.so+0x848450], sa_mask[0]=11111111011111111101111111111110, sa_flags=SA_RESTART|SA_SIGINFO
SIGUSR1: SIG_DFL, sa_mask[0]=00000000000000000000000000000000, sa_flags=none
SIGUSR2: [libjvm.so+0x848320], sa_mask[0]=00100000000000000000000000000000, sa_flags=SA_RESTART|SA_SIGINFO
SIGHUP: [libjvm.so+0x848510], sa_mask[0]=11111111011111111101111111111110, sa_flags=SA_RESTART|SA_SIGINFO
SIGINT: [libjvm.so+0x848510], sa_mask[0]=11111111011111111101111111111110, sa_flags=SA_RESTART|SA_SIGINFO
SIGTERM: [libjvm.so+0x848510], sa_mask[0]=11111111011111111101111111111110, sa_flags=SA_RESTART|SA_SIGINFO
SIGQUIT: [libjvm.so+0x848510], sa_mask[0]=11111111011111111101111111111110, sa_flags=SA_RESTART|SA_SIGINFO


---------------  S Y S T E M  ---------------

OS:DISTRIB_ID=LinuxMint
DISTRIB_RELEASE=18.1
DISTRIB_CODENAME=serena
DISTRIB_DESCRIPTION="Linux Mint 18.1 Serena"

uname:Linux 4.4.0-141-generic #167-Ubuntu SMP Wed Dec 5 10:40:15 UTC 2018 x86_64
libc:glibc 2.23 NPTL 2.23 
rlimit: STACK 8192k, CORE 0k, NPROC 15263, NOFILE 1048576, AS infinity
load average:39.39 55.52 62.62

/proc/meminfo:
MemTotal:        3950948 kB
MemFree:          199892 kB
MemAvailable:     143336 kB
Buffers:            5608 kB
Cached:           337024 kB
SwapCached:            0 kB
Active:          3264236 kB
Inactive:         312216 kB
Active(anon):    3254328 kB
Inactive(anon):   242056 kB
Active(file):       9908 kB
Inactive(file):    70160 kB
Unevictable:        1024 kB
Mlocked:            1024 kB
SwapTotal:             0 kB
SwapFree:              0 kB
Dirty:               376 kB
Writeback:             0 kB
AnonPages:       3235244 kB
Mapped:           156676 kB
Shmem:            262164 kB
Slab:              78912 kB
SReclaimable:      43032 kB
SUnreclaim:        35880 kB
KernelStack:       10752 kB
PageTables:        41240 kB
NFS_Unstable:          0 kB
Bounce:                0 kB
WritebackTmp:          0 kB
CommitLimit:     1975472 kB
Committed_AS:    7374680 kB
VmallocTotal:   34359738367 kB
VmallocUsed:           0 kB
VmallocChunk:          0 kB
HardwareCorrupted:     0 kB
AnonHugePages:         0 kB
CmaTotal:              0 kB
CmaFree:               0 kB
HugePages_Total:       0
HugePages_Free:        0
HugePages_Rsvd:        0
HugePages_Surp:        0
Hugepagesize:       2048 kB
DirectMap4k:      214596 kB
DirectMap2M:     3885056 kB


CPU:total 4 (2 cores per cpu, 2 threads per core) family 6 model 42 stepping 7, cmov, cx8, fxsr, mmx, sse, sse2, sse3, ssse3, sse4.1, sse4.2, popcnt, avx, clmul, ht, tsc, tscinvbit

/proc/cpuinfo:
processor	: 0
vendor_id	: GenuineIntel
cpu family	: 6
model		: 42
model name	: Intel(R) Core(TM) i5-2410M CPU @ 2.30GHz
stepping	: 7
microcode	: 0x14
cpu MHz		: 828.179
cache size	: 3072 KB
physical id	: 0
siblings	: 4
core id		: 0
cpu cores	: 2
apicid		: 0
initial apicid	: 0
fpu		: yes
fpu_exception	: yes
cpuid level	: 13
wp		: yes
flags		: fpu vme de pse tsc msr pae mce cx8 apic sep mtrr pge mca cmov pat pse36 clflush dts acpi mmx fxsr sse sse2 ss ht tm pbe syscall nx rdtscp lm constant_tsc arch_perfmon pebs bts rep_good nopl xtopology nonstop_tsc aperfmperf pni pclmulqdq dtes64 monitor ds_cpl vmx est tm2 ssse3 cx16 xtpr pdcm pcid sse4_1 sse4_2 x2apic popcnt tsc_deadline_timer xsave avx lahf_lm epb kaiser tpr_shadow vnmi flexpriority ept vpid xsaveopt dtherm ida arat pln pts
bugs		: cpu_meltdown spectre_v1 spectre_v2 spec_store_bypass l1tf
bogomips	: 4589.56
clflush size	: 64
cache_alignment	: 64
address sizes	: 36 bits physical, 48 bits virtual
power management:

processor	: 1
vendor_id	: GenuineIntel
cpu family	: 6
model		: 42
model name	: Intel(R) Core(TM) i5-2410M CPU @ 2.30GHz
stepping	: 7
microcode	: 0x14
cpu MHz		: 803.742
cache size	: 3072 KB
physical id	: 0
siblings	: 4
core id		: 1
cpu cores	: 2
apicid		: 2
initial apicid	: 2
fpu		: yes
fpu_exception	: yes
cpuid level	: 13
wp		: yes
flags		: fpu vme de pse tsc msr pae mce cx8 apic sep mtrr pge mca cmov pat pse36 clflush dts acpi mmx fxsr sse sse2 ss ht tm pbe syscall nx rdtscp lm constant_tsc arch_perfmon pebs bts rep_good nopl xtopology nonstop_tsc aperfmperf pni pclmulqdq dtes64 monitor ds_cpl vmx est tm2 ssse3 cx16 xtpr pdcm pcid sse4_1 sse4_2 x2apic popcnt tsc_deadline_timer xsave avx lahf_lm epb kaiser tpr_shadow vnmi flexpriority ept vpid xsaveopt dtherm ida arat pln pts
bugs		: cpu_meltdown spectre_v1 spectre_v2 spec_store_bypass l1tf
bogomips	: 4589.56
clflush size	: 64
cache_alignment	: 64
address sizes	: 36 bits physical, 48 bits virtual
power management:

processor	: 2
vendor_id	: GenuineIntel
cpu family	: 6
model		: 42
model name	: Intel(R) Core(TM) i5-2410M CPU @ 2.30GHz
stepping	: 7
microcode	: 0x14
cpu MHz		: 869.867
cache size	: 3072 KB
physical id	: 0
siblings	: 4
core id		: 0
cpu cores	: 2
apicid		: 1
initial apicid	: 1
fpu		: yes
fpu_exception	: yes
cpuid level	: 13
wp		: yes
flags		: fpu vme de pse tsc msr pae mce cx8 apic sep mtrr pge mca cmov pat pse36 clflush dts acpi mmx fxsr sse sse2 ss ht tm pbe syscall nx rdtscp lm constant_tsc arch_perfmon pebs bts rep_good nopl xtopology nonstop_tsc aperfmperf pni pclmulqdq dtes64 monitor ds_cpl vmx est tm2 ssse3 cx16 xtpr pdcm pcid sse4_1 sse4_2 x2apic popcnt tsc_deadline_timer xsave avx lahf_lm epb kaiser tpr_shadow vnmi flexpriority ept vpid xsaveopt dtherm ida arat pln pts
bugs		: cpu_meltdown spectre_v1 spectre_v2 spec_store_bypass l1tf
bogomips	: 4589.56
clflush size	: 64
cache_alignment	: 64
address sizes	: 36 bits physical, 48 bits virtual
power management:

processor	: 3
vendor_id	: GenuineIntel
cpu family	: 6
model		: 42
model name	: Intel(R) Core(TM) i5-2410M CPU @ 2.30GHz
stepping	: 7
microcode	: 0x14
cpu MHz		: 808.863
cache size	: 3072 KB
physical id	: 0
siblings	: 4
core id		: 1
cpu cores	: 2
apicid		: 3
initial apicid	: 3
fpu		: yes
fpu_exception	: yes
cpuid level	: 13
wp		: yes
flags		: fpu vme de pse tsc msr pae mce cx8 apic sep mtrr pge mca cmov pat pse36 clflush dts acpi mmx fxsr sse sse2 ss ht tm pbe syscall nx rdtscp lm constant_tsc arch_perfmon pebs bts rep_good nopl xtopology nonstop_tsc aperfmperf pni pclmulqdq dtes64 monitor ds_cpl vmx est tm2 ssse3 cx16 xtpr pdcm pcid sse4_1 sse4_2 x2apic popcnt tsc_deadline_timer xsave avx lahf_lm epb kaiser tpr_shadow vnmi flexpriority ept vpid xsaveopt dtherm ida arat pln pts
bugs		: cpu_meltdown spectre_v1 spectre_v2 spec_store_bypass l1tf
bogomips	: 4589.56
clflush size	: 64
cache_alignment	: 64
address sizes	: 36 bits physical, 48 bits virtual
power management:



Memory: 4k page, physical 3950948k(199892k free), swap 0k(0k free)

vm_info: OpenJDK 64-Bit Server VM (25.112-b06) for linux-amd64 JRE (1.8.0_112-release-b06), built on Dec  6 2016 12:11:18 by "builder" with gcc 4.8.4

time: Fri Apr  5 00:47:23 2019
elapsed time: 115 seconds (0d 0h 1m 55s)

